<?xml version="1.0" encoding="utf-8" standalone="no"?>
<!--This file represents the results of running a test suite-->
<test-results name="D:\My Documents\GitHub\AstrophotographyBlog\AstrophotographyBlog\AstrophotographyBlog.Web.Tests\bin\Debug\AstrophotographyBlog.Web.Tests.dll" total="9" errors="0" failures="0" not-run="0" inconclusive="0" ignored="0" skipped="0" invalid="0" date="2017-10-16" time="17:26:49">
  <environment nunit-version="2.6.3.13283" clr-version="2.0.50727.8794" os-version="Microsoft Windows NT 6.2.9200.0" platform="Win32NT" cwd="D:\My Documents\GitHub\AstrophotographyBlog\AstrophotographyBlog\OpenCover\2452efde-c24a-4297-a79d-f61dc6020964" machine-name="J_MITKO_LAPTOP" user="J-Mitko" user-domain="J_MITKO_LAPTOP" />
  <culture-info current-culture="en-US" current-uiculture="en-US" />
  <test-suite type="Assembly" name="D:\My Documents\GitHub\AstrophotographyBlog\AstrophotographyBlog\AstrophotographyBlog.Web.Tests\bin\Debug\AstrophotographyBlog.Web.Tests.dll" executed="True" result="Success" success="True" time="1.521" asserts="0">
    <results>
      <test-suite type="Namespace" name="AstrophotographyBlog" executed="True" result="Success" success="True" time="1.513" asserts="0">
        <results>
          <test-suite type="Namespace" name="Web" executed="True" result="Success" success="True" time="1.512" asserts="0">
            <results>
              <test-suite type="Namespace" name="Tests" executed="True" result="Success" success="True" time="1.512" asserts="0">
                <results>
                  <test-suite type="Namespace" name="Controllers" executed="True" result="Success" success="True" time="1.418" asserts="0">
                    <results>
                      <test-suite type="Namespace" name="AdminControllers" executed="True" result="Success" success="True" time="0.278" asserts="0">
                        <results>
                          <test-suite type="TestFixture" name="AdminControllerTest" executed="True" result="Success" success="True" time="0.276" asserts="0">
                            <results>
                              <test-case name="AstrophotographyBlog.Web.Tests.Controllers.AdminControllers.AdminControllerTest.IndexActionShould_CallViewWithoutModel" executed="True" result="Success" success="True" time="0.245" asserts="0" />
                              <test-case name="AstrophotographyBlog.Web.Tests.Controllers.AdminControllers.AdminControllerTest.IndexActionShould_ReturnNotNullViewResult" executed="True" result="Success" success="True" time="0.007" asserts="0" />
                              <test-case name="AstrophotographyBlog.Web.Tests.Controllers.AdminControllers.AdminControllerTest.IndexActionShould_ReturnViewWithoutName" executed="True" result="Success" success="True" time="0.001" asserts="0" />
                            </results>
                          </test-suite>
                        </results>
                      </test-suite>
                      <test-suite type="TestFixture" name="HomeControllerTest" executed="True" result="Success" success="True" time="1.089" asserts="0">
                        <results>
                          <test-case name="AstrophotographyBlog.Web.Tests.Controllers.HomeControllerTest.About" executed="True" result="Success" success="True" time="0.908" asserts="0" />
                          <test-case name="AstrophotographyBlog.Web.Tests.Controllers.HomeControllerTest.IndexShouldReturn_ListOfPosts" executed="True" result="Success" success="True" time="0.178" asserts="0" />
                        </results>
                      </test-suite>
                      <test-suite type="TestFixture" name="PostControllerTest" executed="True" result="Success" success="True" time="0.044" asserts="0">
                        <results>
                          <test-case name="AstrophotographyBlog.Web.Tests.Controllers.PostControllerTest.DetailsShould_ReturnCorrectModelView" executed="True" result="Success" success="True" time="0.030" asserts="0" />
                          <test-case name="AstrophotographyBlog.Web.Tests.Controllers.PostControllerTest.DetailsShould_ReturnHttpNotFound_WhenNoMathingPostWereFound" executed="True" result="Success" success="True" time="0.012" asserts="0" />
                        </results>
                      </test-suite>
                    </results>
                  </test-suite>
                  <test-suite type="Namespace" name="Services" executed="True" result="Success" success="True" time="0.089" asserts="0">
                    <results>
                      <test-suite type="TestFixture" name="PostServiceTests" executed="True" result="Success" success="True" time="0.088" asserts="0">
                        <results>
                          <test-case name="AstrophotographyBlog.Web.Tests.Services.PostServiceTests.GetAllShould_ReturnAllPostFromPostRepository" executed="True" result="Success" success="True" time="0.080" asserts="0" />
                          <test-case name="AstrophotographyBlog.Web.Tests.Services.PostServiceTests.GetByIdShould_ReturnCorrectPost" executed="True" result="Success" success="True" time="0.006" asserts="0" />
                        </results>
                      </test-suite>
                    </results>
                  </test-suite>
                </results>
              </test-suite>
            </results>
          </test-suite>
        </results>
      </test-suite>
    </results>
  </test-suite>
</test-results>