<?xml version="1.0" encoding="utf-8" standalone="no"?>
<!--This file represents the results of running a test suite-->
<test-results name="D:\My Documents\GitHub\AstrophotographyBlog\AstrophotographyBlog\AstrophotographyBlog.Web.Tests\bin\Debug\AstrophotographyBlog.Web.Tests.dll" total="13" errors="0" failures="0" not-run="0" inconclusive="0" ignored="0" skipped="0" invalid="0" date="2017-10-17" time="12:33:32">
  <environment nunit-version="2.6.3.13283" clr-version="2.0.50727.8794" os-version="Microsoft Windows NT 6.2.9200.0" platform="Win32NT" cwd="D:\My Documents\GitHub\AstrophotographyBlog\AstrophotographyBlog\OpenCover\27969aca-347c-4f41-8453-9aabfc2dcf8d" machine-name="J_MITKO_LAPTOP" user="J-Mitko" user-domain="J_MITKO_LAPTOP" />
  <culture-info current-culture="en-US" current-uiculture="en-US" />
  <test-suite type="Assembly" name="D:\My Documents\GitHub\AstrophotographyBlog\AstrophotographyBlog\AstrophotographyBlog.Web.Tests\bin\Debug\AstrophotographyBlog.Web.Tests.dll" executed="True" result="Success" success="True" time="1.479" asserts="0">
    <results>
      <test-suite type="Namespace" name="AstrophotographyBlog" executed="True" result="Success" success="True" time="1.471" asserts="0">
        <results>
          <test-suite type="Namespace" name="Web" executed="True" result="Success" success="True" time="1.471" asserts="0">
            <results>
              <test-suite type="Namespace" name="Tests" executed="True" result="Success" success="True" time="1.471" asserts="0">
                <results>
                  <test-suite type="Namespace" name="Controllers" executed="True" result="Success" success="True" time="1.328" asserts="0">
                    <results>
                      <test-suite type="Namespace" name="AdminControllers" executed="True" result="Success" success="True" time="0.259" asserts="0">
                        <results>
                          <test-suite type="TestFixture" name="AdminControllerTest" executed="True" result="Success" success="True" time="0.258" asserts="0">
                            <results>
                              <test-case name="AstrophotographyBlog.Web.Tests.Controllers.AdminControllers.AdminControllerTest.IndexActionShould_CallViewWithoutModel" executed="True" result="Success" success="True" time="0.228" asserts="0" />
                              <test-case name="AstrophotographyBlog.Web.Tests.Controllers.AdminControllers.AdminControllerTest.IndexActionShould_ReturnNotNullViewResult" executed="True" result="Success" success="True" time="0.007" asserts="0" />
                              <test-case name="AstrophotographyBlog.Web.Tests.Controllers.AdminControllers.AdminControllerTest.IndexActionShould_ReturnViewWithoutName" executed="True" result="Success" success="True" time="0.001" asserts="0" />
                            </results>
                          </test-suite>
                        </results>
                      </test-suite>
                      <test-suite type="TestFixture" name="HomeControllerTest" executed="True" result="Success" success="True" time="1.023" asserts="0">
                        <results>
                          <test-case name="AstrophotographyBlog.Web.Tests.Controllers.HomeControllerTest.About" executed="True" result="Success" success="True" time="0.886" asserts="0" />
                          <test-case name="AstrophotographyBlog.Web.Tests.Controllers.HomeControllerTest.IndexShouldReturn_ListOfPosts" executed="True" result="Success" success="True" time="0.135" asserts="0" />
                        </results>
                      </test-suite>
                      <test-suite type="TestFixture" name="PostControllerTest" executed="True" result="Success" success="True" time="0.039" asserts="0">
                        <results>
                          <test-case name="AstrophotographyBlog.Web.Tests.Controllers.PostControllerTest.DetailsShould_ReturnCorrectModelView" executed="True" result="Success" success="True" time="0.026" asserts="0" />
                          <test-case name="AstrophotographyBlog.Web.Tests.Controllers.PostControllerTest.DetailsShould_ReturnHttpNotFound_WhenNoMathingPostWereFound" executed="True" result="Success" success="True" time="0.011" asserts="0" />
                        </results>
                      </test-suite>
                    </results>
                  </test-suite>
                  <test-suite type="Namespace" name="Services" executed="True" result="Success" success="True" time="0.133" asserts="0">
                    <results>
                      <test-suite type="TestFixture" name="PostServiceTests" executed="True" result="Success" success="True" time="0.097" asserts="0">
                        <results>
                          <test-case name="AstrophotographyBlog.Web.Tests.Services.PostServiceTests.CreatePostShould_AddNewPostToPostRepository" executed="True" result="Success" success="True" time="0.066" asserts="0" />
                          <test-case name="AstrophotographyBlog.Web.Tests.Services.PostServiceTests.CreatePostShould_CallCommitMethod" executed="True" result="Success" success="True" time="0.004" asserts="0" />
                          <test-case name="AstrophotographyBlog.Web.Tests.Services.PostServiceTests.GetAllShould_ReturnAllPostFromPostRepository" executed="True" result="Success" success="True" time="0.017" asserts="0" />
                          <test-case name="AstrophotographyBlog.Web.Tests.Services.PostServiceTests.GetByIdShould_ReturnCorrectPost" executed="True" result="Success" success="True" time="0.005" asserts="0" />
                        </results>
                      </test-suite>
                      <test-suite type="TestFixture" name="UserServiceTests" executed="True" result="Success" success="True" time="0.033" asserts="0">
                        <results>
                          <test-case name="AstrophotographyBlog.Web.Tests.Services.UserServiceTests.GetAllShould_ReturnAllUsers" executed="True" result="Success" success="True" time="0.008" asserts="0" />
                          <test-case name="AstrophotographyBlog.Web.Tests.Services.UserServiceTests.GetByIdShould_ReturnCorrectUser" executed="True" result="Success" success="True" time="0.023" asserts="0" />
                        </results>
                      </test-suite>
                    </results>
                  </test-suite>
                </results>
              </test-suite>
            </results>
          </test-suite>
        </results>
      </test-suite>
    </results>
  </test-suite>
</test-results>