<?xml version="1.0" encoding="utf-8" standalone="no"?>
<!--This file represents the results of running a test suite-->
<test-results name="D:\My Documents\GitHub\AstrophotographyBlog\AstrophotographyBlog\AstrophotographyBlog.Web.Tests\bin\Debug\AstrophotographyBlog.Web.Tests.dll" total="1" errors="0" failures="0" not-run="0" inconclusive="0" ignored="0" skipped="0" invalid="0" date="2017-10-16" time="17:25:33">
  <environment nunit-version="2.6.3.13283" clr-version="2.0.50727.8794" os-version="Microsoft Windows NT 6.2.9200.0" platform="Win32NT" cwd="D:\My Documents\GitHub\AstrophotographyBlog\AstrophotographyBlog\OpenCover\49244890-c2bd-468b-9c5f-09e44f45b15a" machine-name="J_MITKO_LAPTOP" user="J-Mitko" user-domain="J_MITKO_LAPTOP" />
  <culture-info current-culture="en-US" current-uiculture="en-US" />
  <test-suite type="Assembly" name="D:\My Documents\GitHub\AstrophotographyBlog\AstrophotographyBlog\AstrophotographyBlog.Web.Tests\bin\Debug\AstrophotographyBlog.Web.Tests.dll" executed="True" result="Success" success="True" time="0.968" asserts="0">
    <results>
      <test-suite type="Namespace" name="AstrophotographyBlog" executed="True" result="Success" success="True" time="0.960" asserts="0">
        <results>
          <test-suite type="Namespace" name="Web" executed="True" result="Success" success="True" time="0.960" asserts="0">
            <results>
              <test-suite type="Namespace" name="Tests" executed="True" result="Success" success="True" time="0.959" asserts="0">
                <results>
                  <test-suite type="Namespace" name="Services" executed="True" result="Success" success="True" time="0.959" asserts="0">
                    <results>
                      <test-suite type="TestFixture" name="PostServiceTests" executed="True" result="Success" success="True" time="0.958" asserts="0">
                        <results>
                          <test-case name="AstrophotographyBlog.Web.Tests.Services.PostServiceTests.GetAllShould_ReturnAllPostFromPostRepository" executed="True" result="Success" success="True" time="0.942" asserts="0" />
                        </results>
                      </test-suite>
                    </results>
                  </test-suite>
                </results>
              </test-suite>
            </results>
          </test-suite>
        </results>
      </test-suite>
    </results>
  </test-suite>
</test-results>